2025-09-09 19:50:18,349 - INFO - 加载YOLO模型: D:\A_Python\跟着黑马学ai\workworkwrokwrok\工业图像识别1\ultralytics\yolo11n.pt，设备: cuda
2025-09-09 19:50:18,825 - INFO - YOLO模型加载成功
2025-09-09 19:53:13,315 - INFO - 加载YOLO模型: D:\A_Python\跟着黑马学ai\workworkwrokwrok\工业图像识别1\ultralytics\yolo11n.pt，设备: cuda
2025-09-09 19:53:13,892 - INFO - YOLO模型加载成功
2025-09-09 20:01:11,882 - INFO - 加载YOLO模型: D:\A_Python\跟着黑马学ai\workworkwrokwrok\工业图像识别1\ultralytics\yolo11n.pt，设备: cpu
2025-09-09 20:01:11,979 - INFO - YOLO模型加载成功
2025-09-09 20:05:29,054 - INFO - 加载YOLO模型: D:\A_Python\跟着黑马学ai\workworkwrokwrok\工业图像识别1\ultralytics\yolo11n.pt，设备: cpu
2025-09-09 20:05:29,127 - INFO - YOLO模型加载成功
2025-09-09 20:06:45,181 - INFO - 加载YOLO模型: D:\A_Python\跟着黑马学ai\workworkwrokwrok\工业图像识别1\ultralytics\yolo11n.pt，设备: cpu
2025-09-09 20:06:45,289 - INFO - YOLO模型加载成功
2025-09-09 21:49:19,022 - INFO - 加载YOLO模型: D:\A_Python\跟着黑马学ai\workworkwrokwrok\工业图像识别1\ultralytics\yolo11n.pt，设备: cpu
2025-09-09 21:49:19,130 - INFO - YOLO模型加载成功
2025-09-09 22:05:08,554 - INFO - 加载YOLO模型: D:\A_Python\跟着黑马学ai\workworkwrokwrok\工业图像识别1\ultralytics\yolo11n.pt，设备: cpu
2025-09-09 22:05:08,643 - INFO - YOLO模型加载成功
2025-09-09 22:09:09,509 - INFO - 加载YOLO模型: D:\A_Python\跟着黑马学ai\workworkwrokwrok\工业图像识别1\ultralytics\yolo11n.pt，设备: cpu
2025-09-09 22:09:09,594 - INFO - YOLO模型加载成功
2025-09-09 22:22:15,784 - INFO - 加载YOLO模型: D:\A_Python\跟着黑马学ai\workworkwrokwrok\工业图像识别1\ultralytics\yolo11n.pt，设备: gpu
2025-09-09 22:22:15,846 - ERROR - YOLO模型加载失败: Expected one of cpu, cuda, ipu, xpu, mkldnn, opengl, opencl, ideep, hip, ve, fpga, maia, xla, lazy, vulkan, mps, meta, hpu, mtia, privateuseone device type at start of device string: gpu
2025-09-09 22:24:08,068 - INFO - 加载YOLO模型: D:\A_Python\跟着黑马学ai\workworkwrokwrok\工业图像识别1\ultralytics\yolo11n.pt，设备: cuda
2025-09-09 22:24:08,617 - INFO - YOLO模型加载成功
2025-09-09 22:54:17,885 - INFO - 加载YOLO模型: D:\A_Python\跟着黑马学ai\workworkwrokwrok\工业图像识别1\ultralytics\yolo11n.pt，设备: cuda
2025-09-09 22:54:18,395 - INFO - YOLO模型加载成功
2025-09-09 22:55:48,408 - INFO - 加载YOLO模型: D:\A_Python\跟着黑马学ai\workworkwrokwrok\工业图像识别1\ultralytics\yolo11n.pt，设备: cuda
2025-09-09 22:55:48,718 - INFO - YOLO模型加载成功
2025-09-09 23:01:44,504 - INFO - 加载YOLO模型: D:\A_Python\跟着黑马学ai\workworkwrokwrok\工业图像识别1\ultralytics\yolo11n.pt，设备: cuda
2025-09-09 23:01:44,912 - INFO - YOLO模型已加载到设备: cuda
2025-09-09 23:01:44,913 - INFO - YOLO模型加载成功
2025-09-09 23:12:01,600 - INFO - 加载YOLO模型: ../model/best.pt，设备: cuda
2025-09-09 23:12:02,156 - INFO - YOLO模型已加载到设备: cuda
2025-09-09 23:12:02,156 - INFO - YOLO模型加载成功
2025-09-09 23:19:15,549 - INFO - 加载YOLO模型: D:\A_Python\跟着黑马学ai\workworkwrokwrok\工业图像识别1\ultralytics\yolo11n.pt，设备: cpu
2025-09-09 23:19:15,600 - INFO - YOLO模型加载成功
2025-09-09 23:23:29,027 - INFO - 加载YOLO模型: D:\A_Python\跟着黑马学ai\workworkwrokwrok\工业图像识别1\ultralytics\yolo11n.pt，设备: cpu
2025-09-09 23:23:29,083 - INFO - YOLO模型加载成功
