2025-09-10 21:51:05,591 - recognition_result - INFO - 
============================================================
2025-09-10 21:51:05,592 - recognition_result - INFO - OCR识别结果汇总 (时间: 2025-09-10 21:51:05)
2025-09-10 21:51:05,592 - recognition_result - INFO - ============================================================
2025-09-10 21:51:05,593 - recognition_result - INFO - 暂无识别结果
2025-09-10 21:51:05,593 - recognition_result - INFO - ============================================================
2025-09-10 21:51:20,605 - recognition_result - INFO - 
============================================================
2025-09-10 21:51:20,606 - recognition_result - INFO - OCR识别结果汇总 (时间: 2025-09-10 21:51:20)
2025-09-10 21:51:20,606 - recognition_result - INFO - ============================================================
2025-09-10 21:51:20,606 - recognition_result - INFO - 暂无识别结果
2025-09-10 21:51:20,606 - recognition_result - INFO - ============================================================
2025-09-10 21:51:35,614 - recognition_result - INFO - 
============================================================
2025-09-10 21:51:35,615 - recognition_result - INFO - OCR识别结果汇总 (时间: 2025-09-10 21:51:35)
2025-09-10 21:51:35,615 - recognition_result - INFO - ============================================================
2025-09-10 21:51:35,615 - recognition_result - INFO - 暂无识别结果
2025-09-10 21:51:35,615 - recognition_result - INFO - ============================================================
2025-09-10 21:51:50,622 - recognition_result - INFO - 
============================================================
2025-09-10 21:51:50,623 - recognition_result - INFO - OCR识别结果汇总 (时间: 2025-09-10 21:51:50)
2025-09-10 21:51:50,623 - recognition_result - INFO - ============================================================
2025-09-10 21:51:50,623 - recognition_result - INFO - 暂无识别结果
2025-09-10 21:51:50,623 - recognition_result - INFO - ============================================================
2025-09-10 21:52:05,709 - recognition_result - INFO - 
============================================================
2025-09-10 21:52:05,709 - recognition_result - INFO - OCR识别结果汇总 (时间: 2025-09-10 21:52:05)
2025-09-10 21:52:05,709 - recognition_result - INFO - ============================================================
2025-09-10 21:52:05,709 - recognition_result - INFO - 暂无识别结果
2025-09-10 21:52:05,709 - recognition_result - INFO - ============================================================
