2025-09-10 21:50:50,351 - reco1_logger - WARNING - 指定的模型路径 ../model/best.pt 不存在，将使用默认模型路径
2025-09-10 21:50:50,352 - reco1_logger - INFO - 使用YOLO模型路径：D:\code\yolov11\runs\detect\train6\weights\best.pt
2025-09-10 21:50:50,583 - reco1_logger - INFO - 线程启动：开始处理视频源 0
2025-09-10 21:50:50,583 - reco1_logger - INFO - 尝试打开视频源，索引：0
2025-09-10 21:50:51,648 - reco1_logger - INFO - 视频源 0 初始化成功：分辨率 640x480，帧率 30.0
2025-09-10 21:51:41,261 - reco1_logger - INFO - 视频源 0 处理进度：累计 30 帧
2025-09-10 21:51:42,679 - reco1_logger - INFO - 视频源 0 处理进度：累计 60 帧
2025-09-10 21:51:56,461 - reco1_logger - INFO - 视频源 0 处理进度：累计 90 帧
2025-09-10 21:52:03,802 - reco1_logger - INFO - 视频源 0 处理进度：累计 120 帧
2025-09-10 21:52:05,209 - reco1_logger - INFO - 视频源 0 处理进度：累计 150 帧
2025-09-10 21:52:05,708 - reco1_logger - INFO - 所有线程执行完毕，程序退出
2025-09-10 21:52:06,634 - reco1_logger - INFO - 视频源 0 处理进度：累计 180 帧
2025-09-10 21:52:08,050 - reco1_logger - INFO - 视频源 0 处理进度：累计 210 帧
2025-09-10 21:52:09,438 - reco1_logger - INFO - 视频源 0 处理进度：累计 240 帧
2025-09-10 21:52:10,853 - reco1_logger - INFO - 视频源 0 处理进度：累计 270 帧
2025-09-10 21:52:12,304 - reco1_logger - INFO - 视频源 0 处理进度：累计 300 帧
2025-09-10 21:52:13,719 - reco1_logger - INFO - 视频源 0 处理进度：累计 330 帧
2025-09-10 21:52:15,125 - reco1_logger - INFO - 视频源 0 处理进度：累计 360 帧
2025-09-10 21:52:16,565 - reco1_logger - INFO - 视频源 0 处理进度：累计 390 帧
2025-09-10 21:52:17,975 - reco1_logger - INFO - 视频源 0 处理进度：累计 420 帧
2025-09-10 21:52:19,371 - reco1_logger - INFO - 视频源 0 处理进度：累计 450 帧
2025-09-10 21:52:20,788 - reco1_logger - INFO - 视频源 0 处理进度：累计 480 帧
2025-09-10 21:52:22,229 - reco1_logger - INFO - 视频源 0 处理进度：累计 510 帧
2025-09-10 21:52:23,629 - reco1_logger - INFO - 视频源 0 处理进度：累计 540 帧
2025-09-10 21:52:25,070 - reco1_logger - INFO - 视频源 0 处理进度：累计 570 帧
2025-09-10 21:52:26,497 - reco1_logger - INFO - 视频源 0 处理进度：累计 600 帧
2025-09-10 21:52:27,879 - reco1_logger - INFO - 视频源 0 处理进度：累计 630 帧
2025-09-10 21:52:29,329 - reco1_logger - INFO - 视频源 0 处理进度：累计 660 帧
2025-09-10 21:52:30,739 - reco1_logger - INFO - 视频源 0 处理进度：累计 690 帧
2025-09-10 21:52:32,161 - reco1_logger - INFO - 视频源 0 处理进度：累计 720 帧
2025-09-10 21:52:33,569 - reco1_logger - INFO - 视频源 0 处理进度：累计 750 帧
2025-09-10 21:52:36,599 - reco1_logger - INFO - 视频源 0 处理进度：累计 780 帧
2025-09-10 21:52:40,424 - reco1_logger - INFO - 视频源 0 处理进度：累计 810 帧
2025-09-10 21:52:44,316 - reco1_logger - INFO - 视频源 0 处理进度：累计 840 帧
2025-09-10 21:52:48,231 - reco1_logger - INFO - 视频源 0 处理进度：累计 870 帧
2025-09-10 21:52:52,197 - reco1_logger - INFO - 视频源 0 处理进度：累计 900 帧
2025-09-10 21:52:56,137 - reco1_logger - INFO - 视频源 0 处理进度：累计 930 帧
2025-09-10 21:53:00,079 - reco1_logger - INFO - 视频源 0 处理进度：累计 960 帧
2025-09-10 21:53:03,872 - reco1_logger - INFO - 视频源 0 处理进度：累计 990 帧
2025-09-10 21:53:07,794 - reco1_logger - INFO - 视频源 0 处理进度：累计 1020 帧
2025-09-10 21:53:11,646 - reco1_logger - INFO - 视频源 0 处理进度：累计 1050 帧
2025-09-10 21:53:15,645 - reco1_logger - INFO - 视频源 0 处理进度：累计 1080 帧
2025-09-10 21:53:19,601 - reco1_logger - INFO - 视频源 0 处理进度：累计 1110 帧
2025-09-10 21:53:23,455 - reco1_logger - INFO - 视频源 0 处理进度：累计 1140 帧
2025-09-10 21:53:27,409 - reco1_logger - INFO - 视频源 0 处理进度：累计 1170 帧
2025-09-10 21:53:31,240 - reco1_logger - INFO - 视频源 0 处理进度：累计 1200 帧
2025-09-10 21:53:35,100 - reco1_logger - INFO - 视频源 0 处理进度：累计 1230 帧
2025-09-10 21:53:38,922 - reco1_logger - INFO - 视频源 0 处理进度：累计 1260 帧
2025-09-10 21:53:42,792 - reco1_logger - INFO - 视频源 0 处理进度：累计 1290 帧
2025-09-10 21:53:46,746 - reco1_logger - INFO - 视频源 0 处理进度：累计 1320 帧
2025-09-10 21:53:50,676 - reco1_logger - INFO - 视频源 0 处理进度：累计 1350 帧
2025-09-10 21:53:54,618 - reco1_logger - INFO - 视频源 0 处理进度：累计 1380 帧
2025-09-10 21:53:58,492 - reco1_logger - INFO - 视频源 0 处理进度：累计 1410 帧
2025-09-10 21:54:02,378 - reco1_logger - INFO - 视频源 0 处理进度：累计 1440 帧
2025-09-10 21:54:06,272 - reco1_logger - INFO - 视频源 0 处理进度：累计 1470 帧
2025-09-10 21:54:10,192 - reco1_logger - INFO - 视频源 0 处理进度：累计 1500 帧
2025-09-10 21:54:14,108 - reco1_logger - INFO - 视频源 0 处理进度：累计 1530 帧
2025-09-10 21:54:18,075 - reco1_logger - INFO - 视频源 0 处理进度：累计 1560 帧
2025-09-10 21:54:21,981 - reco1_logger - INFO - 视频源 0 处理进度：累计 1590 帧
2025-09-10 21:54:25,853 - reco1_logger - INFO - 视频源 0 处理进度：累计 1620 帧
2025-09-10 21:54:29,772 - reco1_logger - INFO - 视频源 0 处理进度：累计 1650 帧
2025-09-10 21:54:33,709 - reco1_logger - INFO - 视频源 0 处理进度：累计 1680 帧
2025-09-10 21:54:37,594 - reco1_logger - INFO - 视频源 0 处理进度：累计 1710 帧
2025-09-10 21:54:41,492 - reco1_logger - INFO - 视频源 0 处理进度：累计 1740 帧
2025-09-10 21:54:45,464 - reco1_logger - INFO - 视频源 0 处理进度：累计 1770 帧
2025-09-10 21:54:49,348 - reco1_logger - INFO - 视频源 0 处理进度：累计 1800 帧
2025-09-10 21:54:53,264 - reco1_logger - INFO - 视频源 0 处理进度：累计 1830 帧
2025-09-10 21:54:57,113 - reco1_logger - INFO - 视频源 0 处理进度：累计 1860 帧
