2025-09-09 20:01:12,938 - INFO - 文本拼接器初始化完成
2025-09-09 20:01:53,107 - INFO - 摄像头 1 对象 1 成功拼接文本: 愈刀地師愈闭钙
2025-09-09 20:01:53,316 - INFO - 摄像头 0 对象 0 成功拼接文本: 陕膺锯晧受菌藤荷仺數昵才谨蓋恭钙
2025-09-09 20:05:30,081 - INFO - 文本拼接器初始化完成
2025-09-09 20:06:46,387 - INFO - 文本拼接器初始化完成
2025-09-09 21:49:19,893 - INFO - 文本拼接器初始化完成
2025-09-09 22:05:09,430 - INFO - 文本拼接器初始化完成
2025-09-09 22:09:10,377 - INFO - 文本拼接器初始化完成
2025-09-09 22:09:38,733 - INFO - 对象 cam1_obj0 成功拼接文本: 1.0g
2025-09-09 22:09:38,840 - INFO - 对象 cam1_obj0 成功拼接文本: 1.0g
2025-09-09 22:09:38,962 - INFO - 对象 cam1_obj0 成功拼接文本: 头拍电肪销 1.0g
2025-09-09 22:09:39,074 - INFO - 对象 cam1_obj0 成功拼接文本: 头拍电肪销 1.0g
2025-09-09 22:09:39,196 - INFO - 对象 cam1_obj0 成功拼接文本: 头拍电肪销 1.0g
2025-09-09 22:09:39,304 - INFO - 对象 cam1_obj0 成功拼接文本: 头拍电肪销 1.0g
2025-09-09 22:09:39,398 - INFO - 对象 cam1_obj0 成功拼接文本: 头拍电肪销 1.0g
2025-09-09 22:09:39,517 - INFO - 对象 cam1_obj0 成功拼接文本: 头孢噻肪销 1.09g
2025-09-09 22:09:39,660 - INFO - 对象 cam1_obj0 成功拼接文本: 头孢噻钠 1.0g 营业石家庄）有第公司
2025-09-09 22:09:39,858 - INFO - 对象 cam1_obj0 成功拼接文本: 头孢噻钠 1.0g 营业石家庄）有第公司
2025-09-09 22:09:40,232 - INFO - 对象 cam1_obj0 成功拼接文本: 头孢噻钠 1.0g 营业石家庄）有第公司
2025-09-09 22:09:40,316 - INFO - 对象 cam1_obj0 成功拼接文本: 头孢噻钠 1.0g 营业石家庄）有第公司
2025-09-09 22:09:40,433 - INFO - 对象 cam1_obj0 成功拼接文本: 头孢噻钠 1.0g 营业石家庄）有第公司
2025-09-09 22:09:40,550 - INFO - 对象 cam1_obj0 成功提取药品名称: 注射用头孢嚏
2025-09-09 22:09:40,664 - INFO - 对象 cam1_obj0 成功提取药品名称: 注射用头孢嚏
2025-09-09 22:09:40,783 - INFO - 对象 cam1_obj0 成功提取药品名称: 注射用头孢嚏
2025-09-09 22:09:40,884 - INFO - 对象 cam1_obj0 成功提取药品名称: 注射用头孢嚏
2025-09-09 22:09:41,003 - INFO - 对象 cam1_obj0 成功提取药品名称: 注射用头孢嚏
2025-09-09 22:09:41,094 - INFO - 对象 cam1_obj0 成功提取药品名称: 注射用头孢嚏
2025-09-09 22:09:41,224 - INFO - 对象 cam1_obj0 成功提取药品名称: 注射用头孢嚏
2025-09-09 22:09:41,317 - INFO - 对象 cam1_obj0 成功提取药品名称: 注射用头孢嚏
2025-09-09 22:09:41,405 - INFO - 对象 cam1_obj0 成功提取药品名称: 注射用头孢嚏
2025-09-09 22:09:41,510 - INFO - 对象 cam1_obj0 成功提取药品名称: 注射用头孢嚏
2025-09-09 22:09:41,610 - INFO - 对象 cam1_obj0 成功提取药品名称: 注射用头孢嚏
2025-09-09 22:09:41,708 - INFO - 对象 cam1_obj0 成功提取药品名称: 注射用头孢嚏
2025-09-09 22:09:41,818 - INFO - 对象 cam1_obj0 成功提取药品名称: 注射用头孢唛
2025-09-09 22:09:41,907 - INFO - 对象 cam1_obj0 成功提取药品名称: 注射用头孢嚏
2025-09-09 22:09:41,999 - INFO - 对象 cam1_obj0 成功提取药品名称: 注射用头孢嚏
2025-09-09 22:09:42,099 - INFO - 对象 cam1_obj0 成功提取药品名称: 注射用头孢嚏
2025-09-09 22:09:42,251 - INFO - 对象 cam1_obj0 成功提取药品名称: 注射用头孢噻
2025-09-09 22:09:42,421 - INFO - 对象 cam1_obj0 成功提取药品名称: 注射用头孢喝
2025-09-09 22:09:42,526 - INFO - 对象 cam1_obj0 成功提取药品名称: 注射用头孢噻
2025-09-09 22:09:42,628 - INFO - 对象 cam1_obj0 成功提取药品名称: 注射用头孢噻
2025-09-09 22:09:42,759 - INFO - 对象 cam1_obj0 成功提取药品名称: 注射用头孢噻
2025-09-09 22:09:42,902 - INFO - 对象 cam1_obj0 成功提取药品名称: 注射用头孢嚏
2025-09-09 22:09:43,019 - INFO - 对象 cam1_obj0 成功提取药品名称: 注射用头孢噻
2025-09-09 22:09:43,152 - INFO - 对象 cam1_obj0 成功提取药品名称: 注射用头孢噻肤
2025-09-09 22:09:43,364 - INFO - 对象 cam1_obj0 成功提取药品名称: 注射用头孢噻肤
2025-09-09 22:09:43,597 - INFO - 对象 cam1_obj0 成功提取药品名称: 注射用头孢噻肤
2025-09-09 22:09:43,773 - INFO - 对象 cam1_obj0 成功拼接文本: 头孢噻钠 1.0g 业（石家庄）有限公司 车有限公司 （石家庄）有限公司
2025-09-09 22:09:44,001 - INFO - 对象 cam1_obj0 成功拼接文本: 头孢噻钠 1.0g 业（石家庄）有限公司 车有限公司 （石家庄）有限公司
2025-09-09 22:09:44,242 - INFO - 对象 cam1_obj0 成功拼接文本: 头孢噻钠 1.0g 业（石家庄）有限公司 车有限公司 （石家庄）有限公司
2025-09-09 22:09:44,484 - INFO - 对象 cam1_obj0 成功拼接文本: 头孢噻钠 1.0g 业（石家庄）有限公司 车有限公司 （石家庄）有限公司
2025-09-09 22:09:44,726 - INFO - 对象 cam1_obj0 成功拼接文本: 头孢噻钠 1.0g 业（石家庄）有限公司 车有限公司 （石家庄）有限公司
2025-09-09 22:09:44,899 - INFO - 对象 cam1_obj0 成功拼接文本: 头孢噻钠 1.0g 业（石家庄）有限公司 车有限公司 （石家庄）有限公司
2025-09-09 22:09:45,085 - INFO - 对象 cam1_obj0 成功拼接文本: 头孢噻钠 1.0g 业（石家庄）有限公司 车有限公司 （石家庄）有限公司
2025-09-09 22:09:45,304 - INFO - 对象 cam1_obj0 成功拼接文本: 头孢噻钠 1.0g 业（石家庄）有限公司 车有限公司 （石家庄）有限公司
2025-09-09 22:09:45,462 - INFO - 对象 cam1_obj0 成功拼接文本: 孢噻钠 1.0g 业（石家庄）有限公司 专限公司 石家庄）有限公司
2025-09-09 22:09:45,564 - INFO - 对象 cam1_obj0 成功拼接文本: 跑噻钠 1.0g 三家出）有期公司 有限公司 五家庄）有限公司
2025-09-09 22:09:45,651 - INFO - 对象 cam1_obj0 成功拼接文本: 跑噻钠 1.0g 三家出）有期公司 有限公司 五家庄）有限公司
2025-09-09 22:09:45,753 - INFO - 对象 cam1_obj0 成功拼接文本: 跑噻钠 1.0g 三家出）有期公司 有限公司 五家庄）有限公司
2025-09-09 22:09:45,853 - INFO - 对象 cam1_obj0 成功拼接文本: 跑噻钠 1.0g 三家出）有期公司 有限公司 五家庄）有限公司
2025-09-09 22:09:46,042 - INFO - 对象 cam1_obj0 成功拼接文本: 跑噻钠 1.0g 三家出）有期公司 有限公司 五家庄）有限公司
2025-09-09 22:09:46,196 - INFO - 对象 cam1_obj0 成功拼接文本: 跑噻钠 1.0g 三家出）有期公司 有限公司 五家庄）有限公司
2025-09-09 22:09:46,349 - INFO - 对象 cam1_obj0 成功拼接文本: 跑噻钠 1.0g 三家出）有期公司 有限公司 五家庄）有限公司
2025-09-09 22:09:46,462 - INFO - 对象 cam1_obj0 成功拼接文本: 用头范嚏肠锁 1.0g
2025-09-09 22:09:47,715 - INFO - 对象 cam1_obj0 成功拼接文本: 用头范嚏肠锁 1.0g
2025-09-09 22:09:47,798 - INFO - 对象 cam1_obj0 成功提取药品名称: 注射用头拍事
2025-09-09 22:09:47,898 - INFO - 对象 cam1_obj0 成功提取药品名称: 注射用头拍事
2025-09-09 22:09:47,969 - INFO - 对象 cam1_obj0 成功提取药品名称: 注射用头拍事
2025-09-09 22:09:48,111 - INFO - 对象 cam1_obj0 成功提取药品名称: 注射用头拍事
2025-09-09 22:09:48,213 - INFO - 对象 cam1_obj0 成功提取药品名称: 注射用头拍事
2025-09-09 22:09:48,316 - INFO - 对象 cam1_obj0 成功提取药品名称: 注射用头拍事
2025-09-09 22:09:48,399 - INFO - 对象 cam1_obj0 成功提取药品名称: 注射用头拍事
2025-09-09 22:10:00,902 - INFO - 对象 cam1_obj0 成功提取药品名称: 注射用头拍事
2025-09-09 22:10:12,938 - INFO - 对象 cam0_obj0 成功拼接文本: ×—讼去天边丢去尝苏碎 改踩箔尝含未去臀朱亡沥注尝携芳宿柒亡^去踩
2025-09-09 22:10:13,442 - INFO - 对象 cam1_obj0 成功提取药品名称: 注射用头拍事
2025-09-09 22:24:09,355 - INFO - 文本拼接器初始化完成
2025-09-09 22:24:31,090 - INFO - 对象 cam1_obj0 提取到药品名称: 注射用头孢嚏
2025-09-09 22:24:31,169 - INFO - 对象 cam1_obj0 提取到药品名称: 注射用头孢嚏
2025-09-09 22:24:31,265 - INFO - 对象 cam1_obj0 提取到药品名称: 注射用头孢嚏
2025-09-09 22:24:31,345 - INFO - 对象 cam1_obj0 提取到药品名称: 注射用头孢嚏
2025-09-09 22:24:31,441 - INFO - 对象 cam1_obj0 提取到药品名称: 注射用头孢嚏
2025-09-09 22:24:31,524 - INFO - 对象 cam1_obj0 提取到药品名称: 注射用头孢嚏
2025-09-09 22:24:31,626 - INFO - 对象 cam1_obj0 提取到药品名称: 注射用头孢嚏
2025-09-09 22:24:31,724 - INFO - 对象 cam1_obj0 提取到药品名称: 注射用头孢嚏
2025-09-09 22:24:31,823 - INFO - 对象 cam1_obj0 提取到药品名称: 注射用头孢嚏
2025-09-09 22:24:31,931 - INFO - 对象 cam1_obj0 提取到药品名称: 注射用头孢嚏
2025-09-09 22:24:31,995 - INFO - 对象 cam1_obj0 提取到药品名称: 注射用头泡唱
2025-09-09 22:24:32,057 - INFO - 对象 cam1_obj0 提取到药品名称: 注射用头孢鸭
2025-09-09 22:24:32,128 - INFO - 对象 cam1_obj0 提取到药品名称: 注射用头爽
2025-09-09 22:24:32,231 - INFO - 对象 cam1_obj0 提取到药品名称: 注射用头爽
2025-09-09 22:24:32,330 - INFO - 对象 cam1_obj0 提取到药品名称: 注射用头态
2025-09-09 22:24:32,398 - INFO - 对象 cam1_obj0 提取到药品名称: 注射用头态
2025-09-09 22:54:19,176 - INFO - 文本拼接器初始化完成
2025-09-09 22:55:49,378 - INFO - 文本拼接器初始化完成
2025-09-09 23:01:45,645 - INFO - 文本拼接器初始化完成
2025-09-09 23:12:06,601 - INFO - 文本拼接器初始化完成
2025-09-09 23:15:24,203 - INFO - 文本拼接器初始化完成
2025-09-09 23:19:16,265 - INFO - 文本拼接器初始化完成
